SLF4J(W): Class path contains multiple SLF4J providers.
SLF4J(W): Found provider [scribe.slf4j.ScribeServiceProvider@36eadb2b]
SLF4J(W): Found provider [ch.qos.logback.classic.spi.LogbackServiceProvider@62499da4]
SLF4J(W): See https://www.slf4j.org/codes.html#multiple_bindings for an explanation.
SLF4J(I): Actual provider is of type [scribe.slf4j.ScribeServiceProvider@36eadb2b]
2024.06.30 21:25:15 WARN  Flyway upgrade recommended: H2 2.2.224 is newer than this version of Flyway and support has not been tested. The latest supported version of H2 is 2.2.220.
2024.06.30 21:25:15 INFO  no build target found for C:\Users\USER\Downloads\SCS 2204 Functional Pragramming Practicals\Scala-Practical-03\Q1.scala. Using presentation compiler with project's scala-library version: 3.3.3
2024.06.30 21:25:17 WARN  no build target for: C:\Users\USER\Downloads\SCS 2204 Functional Pragramming Practicals\Scala-Practical-03\Q1.scala
2024.06.30 21:25:17 INFO  no build target found for C:\Users\USER\Downloads\SCS 2204 Functional Pragramming Practicals\Scala-Practical-03\Q1.scala. Using presentation compiler with project's scala-library version: 3.3.3
2024.06.30 21:25:17 INFO  no build target found for C:\Users\USER\Downloads\SCS 2204 Functional Pragramming Practicals\Scala-Practical-03\Q1.scala. Using presentation compiler with project's scala-library version: 3.3.3
2024.06.30 21:25:18 INFO  no build target found for C:\Users\USER\Downloads\SCS 2204 Functional Pragramming Practicals\Scala-Practical-03\Q1.scala. Using presentation compiler with project's scala-library version: 3.3.3
2024.06.30 21:25:21 INFO  no build target found for C:\Users\USER\Downloads\SCS 2204 Functional Pragramming Practicals\Scala-Practical-03\Q1.scala. Using presentation compiler with project's scala-library version: 3.3.3
2024.06.30 21:25:22 INFO  Running List(C:\Users\USER\AppData\Local\Coursier\data\bin\scala-cli.BAT, setup-ide, C:\Users\USER\Downloads\SCS 2204 Functional Pragramming Practicals\Scala-Practical-03)
2024.06.30 21:25:22 INFO  Attempting to connect to the build server...
2024.06.30 21:25:22 INFO  Running BSP server List(C:\Users\USER\AppData\Local\Coursier\data\bin\.scala-cli.aux.exe, bsp, --json-options, C:\Users\USER\Downloads\SCS 2204 Functional Pragramming Practicals\Scala-Practical-03\.scala-build\ide-options-v2.json, --json-launcher-options, C:\Users\USER\Downloads\SCS 2204 Functional Pragramming Practicals\Scala-Practical-03\.scala-build\ide-launcher-options.json, --envs-file, C:\Users\USER\Downloads\SCS 2204 Functional Pragramming Practicals\Scala-Practical-03\.scala-build\ide-envs.json, C:\Users\USER\Downloads\SCS 2204 Functional Pragramming Practicals\Scala-Practical-03)
2024.06.30 21:25:23 INFO  tracing is disabled for protocol BSP, to enable tracing of incoming and outgoing JSON messages create an empty file at C:\Users\USER\Downloads\SCS 2204 Functional Pragramming Practicals\Scala-Practical-03\.metals\bsp.trace.json or C:\Users\USER\AppData\Local\scalameta\metals\cache\bsp.trace.json
2024.06.30 21:25:25 INFO  time: Connected to build server in 2.65s
2024.06.30 21:25:25 INFO  Connected to Build server: scala-cli v1.3.2
2024.06.30 21:25:25 INFO  time: Imported build in 0.13s
2024.06.30 21:25:26 INFO  compiling scala-practical-03_f4dd477a3a (1 scala source)
2024.06.30 21:25:30 INFO  time: compiled Scala-Practical-03_f4dd477a3a in 3.58s
2024.06.30 21:25:31 INFO  time: indexed workspace in 5.91s
2024.06.30 21:51:11 INFO  no build target found for C:\Users\USER\Downloads\SCS 2204 Functional Pragramming Practicals\Scala-Practical-03\Q2.scala. Using presentation compiler with project's scala-library version: 3.3.3
2024.06.30 21:51:11 INFO  no build target found for C:\Users\USER\Downloads\SCS 2204 Functional Pragramming Practicals\Scala-Practical-03\Q2.scala. Using presentation compiler with project's scala-library version: 3.3.3
2024.06.30 21:51:11 WARN  no build target for: C:\Users\USER\Downloads\SCS 2204 Functional Pragramming Practicals\Scala-Practical-03\Q2.scala
2024.06.30 21:51:12 INFO  no build target found for C:\Users\USER\Downloads\SCS 2204 Functional Pragramming Practicals\Scala-Practical-03\Q2.scala. Using presentation compiler with project's scala-library version: 3.3.3
2024.06.30 21:51:12 INFO  no build target found for C:\Users\USER\Downloads\SCS 2204 Functional Pragramming Practicals\Scala-Practical-03\Q2.scala. Using presentation compiler with project's scala-library version: 3.3.3
2024.06.30 21:51:12 INFO  compiling scala-practical-03_f4dd477a3a (1 scala source)
2024.06.30 21:51:12 INFO  time: compiled Scala-Practical-03_f4dd477a3a in 0.59s
2024.06.30 21:51:12 INFO  compiling scala-practical-03_f4dd477a3a (1 scala source)
2024.06.30 21:51:12 INFO  time: compiled Scala-Practical-03_f4dd477a3a in 0.3s
2024.06.30 21:51:14 INFO  time: indexed workspace in 1.41s
2024.06.30 21:51:14 INFO  compiling scala-practical-03_f4dd477a3a (1 scala source)
2024.06.30 21:51:14 INFO  time: compiled Scala-Practical-03_f4dd477a3a in 0.17s
2024.06.30 21:51:15 INFO  compiling scala-practical-03_f4dd477a3a (1 scala source)
2024.06.30 21:51:15 INFO  time: compiled Scala-Practical-03_f4dd477a3a in 0.17s
2024.06.30 21:51:22 INFO  compiling scala-practical-03_f4dd477a3a (1 scala source)
2024.06.30 21:51:23 INFO  time: compiled Scala-Practical-03_f4dd477a3a in 1.25s
2024.06.30 21:51:33 INFO  compiling scala-practical-03_f4dd477a3a (1 scala source)
2024.06.30 21:51:33 INFO  time: compiled Scala-Practical-03_f4dd477a3a in 0.14s
2024.06.30 21:51:56 INFO  compiling scala-practical-03_f4dd477a3a (1 scala source)
2024.06.30 21:51:56 INFO  time: compiled Scala-Practical-03_f4dd477a3a in 0.79s
2024.06.30 21:52:56 INFO  compiling scala-practical-03_f4dd477a3a (1 scala source)
2024.06.30 21:52:56 INFO  time: compiled Scala-Practical-03_f4dd477a3a in 0.54s
Jun 30, 2024 9:53:02 PM org.eclipse.lsp4j.jsonrpc.RemoteEndpoint handleCancellation
WARNING: Unmatched cancel notification for request id 246
2024.06.30 21:54:50 INFO  no build target found for C:\Users\USER\Downloads\SCS 2204 Functional Pragramming Practicals\Scala-Practical-03\Q3.scala. Using presentation compiler with project's scala-library version: 3.3.3
2024.06.30 21:54:50 INFO  no build target found for C:\Users\USER\Downloads\SCS 2204 Functional Pragramming Practicals\Scala-Practical-03\Q3.scala. Using presentation compiler with project's scala-library version: 3.3.3
2024.06.30 21:54:50 WARN  no build target for: C:\Users\USER\Downloads\SCS 2204 Functional Pragramming Practicals\Scala-Practical-03\Q3.scala
2024.06.30 21:54:50 INFO  no build target found for C:\Users\USER\Downloads\SCS 2204 Functional Pragramming Practicals\Scala-Practical-03\Q3.scala. Using presentation compiler with project's scala-library version: 3.3.3
2024.06.30 21:54:50 INFO  no build target found for C:\Users\USER\Downloads\SCS 2204 Functional Pragramming Practicals\Scala-Practical-03\Q3.scala. Using presentation compiler with project's scala-library version: 3.3.3
2024.06.30 21:54:50 INFO  compiling scala-practical-03_f4dd477a3a (1 scala source)
2024.06.30 21:54:50 INFO  compiling scala-practical-03_f4dd477a3a (1 scala source)
2024.06.30 21:54:52 INFO  time: indexed workspace in 1.22s
2024.06.30 21:54:52 INFO  time: compiled Scala-Practical-03_f4dd477a3a in 0.9s
2024.06.30 21:54:52 INFO  compiling scala-practical-03_f4dd477a3a (1 scala source)
2024.06.30 21:54:52 INFO  time: compiled Scala-Practical-03_f4dd477a3a in 0.55s
2024.06.30 21:59:57 INFO  compiling scala-practical-03_f4dd477a3a (1 scala source)
2024.06.30 21:59:57 INFO  time: compiled Scala-Practical-03_f4dd477a3a in 0.5s
2024.06.30 22:04:24 INFO  compiling scala-practical-03_f4dd477a3a (1 scala source)
2024.06.30 22:04:24 INFO  time: compiled Scala-Practical-03_f4dd477a3a in 0.47s
Jun 30, 2024 10:05:46 PM org.eclipse.lsp4j.jsonrpc.RemoteEndpoint handleNotification
WARNING: Notification threw an exception: {
  "jsonrpc": "2.0",
  "method": "metals/didFocusTextDocument",
  "params": [
    "untitled:Untitled-2"
  ]
}
java.nio.file.FileSystemNotFoundException: Provider "untitled" not installed
	at java.base/java.nio.file.Path.of(Path.java:212)
	at java.base/java.nio.file.Paths.get(Paths.java:98)
	at scala.meta.internal.mtags.MtagsEnrichments$XtensionURIMtags.toAbsolutePath(MtagsEnrichments.scala:131)
	at scala.meta.internal.mtags.MtagsEnrichments$XtensionStringMtags.toAbsolutePath(MtagsEnrichments.scala:187)
	at scala.meta.internal.metals.MetalsEnrichments$XtensionString.toAbsolutePath(MetalsEnrichments.scala:756)
	at scala.meta.internal.metals.MetalsEnrichments$XtensionString.toAbsolutePath(MetalsEnrichments.scala:753)
	at scala.meta.internal.metals.WorkspaceLspService.didFocus(WorkspaceLspService.scala:695)
	at scala.meta.metals.lsp.DelegatingScalaService.didFocus(DelegatingScalaService.scala:43)
	at jdk.internal.reflect.GeneratedMethodAccessor18.invoke(Unknown Source)
	at java.base/jdk.internal.reflect.DelegatingMethodAccessorImpl.invoke(DelegatingMethodAccessorImpl.java:43)
	at java.base/java.lang.reflect.Method.invoke(Method.java:568)
	at org.eclipse.lsp4j.jsonrpc.services.GenericEndpoint.lambda$recursiveFindRpcMethods$0(GenericEndpoint.java:65)
	at org.eclipse.lsp4j.jsonrpc.services.GenericEndpoint.notify(GenericEndpoint.java:160)
	at org.eclipse.lsp4j.jsonrpc.RemoteEndpoint.handleNotification(RemoteEndpoint.java:231)
	at org.eclipse.lsp4j.jsonrpc.RemoteEndpoint.consume(RemoteEndpoint.java:198)
	at org.eclipse.lsp4j.jsonrpc.json.StreamMessageProducer.handleMessage(StreamMessageProducer.java:185)
	at org.eclipse.lsp4j.jsonrpc.json.StreamMessageProducer.listen(StreamMessageProducer.java:97)
	at org.eclipse.lsp4j.jsonrpc.json.ConcurrentMessageProcessor.run(ConcurrentMessageProcessor.java:114)
	at java.base/java.util.concurrent.Executors$RunnableAdapter.call(Executors.java:539)
	at java.base/java.util.concurrent.FutureTask.run(FutureTask.java:264)
	at java.base/java.util.concurrent.ThreadPoolExecutor.runWorker(ThreadPoolExecutor.java:1136)
	at java.base/java.util.concurrent.ThreadPoolExecutor$Worker.run(ThreadPoolExecutor.java:635)
	at java.base/java.lang.Thread.run(Thread.java:833)

2024.06.30 22:06:15 INFO  no build target found for C:\Users\USER\Downloads\SCS 2204 Functional Pragramming Practicals\Scala-Practical-03\Q4.scala. Using presentation compiler with project's scala-library version: 3.3.3
2024.06.30 22:06:15 INFO  no build target found for C:\Users\USER\Downloads\SCS 2204 Functional Pragramming Practicals\Scala-Practical-03\Q4.scala. Using presentation compiler with project's scala-library version: 3.3.3
2024.06.30 22:06:15 WARN  no build target for: C:\Users\USER\Downloads\SCS 2204 Functional Pragramming Practicals\Scala-Practical-03\Q4.scala
2024.06.30 22:06:15 INFO  no build target found for C:\Users\USER\Downloads\SCS 2204 Functional Pragramming Practicals\Scala-Practical-03\Q4.scala. Using presentation compiler with project's scala-library version: 3.3.3
2024.06.30 22:06:15 INFO  no build target found for C:\Users\USER\Downloads\SCS 2204 Functional Pragramming Practicals\Scala-Practical-03\Q4.scala. Using presentation compiler with project's scala-library version: 3.3.3
2024.06.30 22:06:16 INFO  compiling scala-practical-03_f4dd477a3a (1 scala source)
2024.06.30 22:06:16 INFO  compiling scala-practical-03_f4dd477a3a (1 scala source)
2024.06.30 22:06:16 INFO  time: compiled Scala-Practical-03_f4dd477a3a in 0.18s
2024.06.30 22:06:17 INFO  time: indexed workspace in 1.05s
2024.06.30 22:06:17 INFO  compiling scala-practical-03_f4dd477a3a (1 scala source)
2024.06.30 22:06:17 INFO  time: compiled Scala-Practical-03_f4dd477a3a in 0.11s
2024.06.30 22:07:30 INFO  compiling scala-practical-03_f4dd477a3a (1 scala source)
2024.06.30 22:07:30 INFO  time: compiled Scala-Practical-03_f4dd477a3a in 0.48s
2024.06.30 22:08:21 INFO  compiling scala-practical-03_f4dd477a3a (1 scala source)
2024.06.30 22:08:21 INFO  time: compiled Scala-Practical-03_f4dd477a3a in 0.34s
2024.06.30 22:09:55 WARN  Flyway upgrade recommended: H2 2.2.224 is newer than this version of Flyway and support has not been tested. The latest supported version of H2 is 2.2.220.
2024.06.30 22:09:55 INFO  no build target found for C:\Users\USER\Downloads\SCS 2204 Functional Pragramming Practicals\Scala-Lab-session-2\Q4.scala. Using presentation compiler with project's scala-library version: 3.3.3
2024.06.30 22:09:55 INFO  no build target found for C:\Users\USER\Downloads\SCS 2204 Functional Pragramming Practicals\Scala-Lab-session-2\Q4.scala. Using presentation compiler with project's scala-library version: 3.3.3
2024.06.30 22:09:58 INFO  time: code lens generation in 3.06s
2024.06.30 22:09:59 INFO  no build target found for C:\Users\USER\Downloads\SCS 2204 Functional Pragramming Practicals\Scala-Lab-session-2\Q4.scala. Using presentation compiler with project's scala-library version: 3.3.3
2024.06.30 22:10:00 INFO  no build target found for C:\Users\USER\Downloads\SCS 2204 Functional Pragramming Practicals\Scala-Lab-session-2\Q4.scala. Using presentation compiler with project's scala-library version: 3.3.3
2024.06.30 22:10:11 INFO  Running List(C:\Users\USER\AppData\Local\Coursier\data\bin\scala-cli.BAT, bsp, --workspace, C:\Users\USER\AppData\Local\Temp\metals-scala-cli2779836273528928915, --semantic-db-source-root, C:\Users\USER\Downloads\SCS 2204 Functional Pragramming Practicals\Scala-Lab-session-2, C:\Users\USER\Downloads\SCS 2204 Functional Pragramming Practicals\Scala-Lab-session-2\Q4.scala)
2024.06.30 22:10:11 INFO  tracing is disabled for protocol BSP, to enable tracing of incoming and outgoing JSON messages create an empty file at C:\Users\USER\Downloads\SCS 2204 Functional Pragramming Practicals\Scala-Lab-session-2\.metals\bsp.trace.json or C:\Users\USER\AppData\Local\scalameta\metals\cache\bsp.trace.json
2024.06.30 22:10:13 INFO  Connected to Scala CLI server v1.3.2
2024.06.30 22:10:14 INFO  compiling metals-scala-cli2779836273528928915_717a882c49-d40951b3f0 (1 scala source)
2024.06.30 22:10:14 INFO  time: compiled metals-scala-cli2779836273528928915_717a882c49-d40951b3f0 in 0.74s
2024.06.30 22:10:15 INFO  time: indexed workspace in 1.43s
2024.06.30 22:10:15 INFO  Scala CLI started for C:\Users\USER\Downloads\SCS 2204 Functional Pragramming Practicals\Scala-Lab-session-2\Q4.scala
2024.06.30 22:10:34 INFO  no build target found for C:\Users\USER\Downloads\SCS 2204 Functional Pragramming Practicals\Scala-Practical-03\Q1_Examples.scala. Using presentation compiler with project's scala-library version: 3.3.3
2024.06.30 22:10:34 INFO  no build target found for C:\Users\USER\Downloads\SCS 2204 Functional Pragramming Practicals\Scala-Practical-03\Q1_Examples.scala. Using presentation compiler with project's scala-library version: 3.3.3
2024.06.30 22:10:34 WARN  no build target for: C:\Users\USER\Downloads\SCS 2204 Functional Pragramming Practicals\Scala-Practical-03\Q1_Examples.scala
2024.06.30 22:10:34 INFO  no build target found for C:\Users\USER\Downloads\SCS 2204 Functional Pragramming Practicals\Scala-Practical-03\Q1_Examples.scala. Using presentation compiler with project's scala-library version: 3.3.3
2024.06.30 22:10:34 INFO  no build target found for C:\Users\USER\Downloads\SCS 2204 Functional Pragramming Practicals\Scala-Practical-03\Q1_Examples.scala. Using presentation compiler with project's scala-library version: 3.3.3
2024.06.30 22:10:34 INFO  compiling scala-practical-03_f4dd477a3a (1 scala source)
2024.06.30 22:10:34 INFO  time: compiled Scala-Practical-03_f4dd477a3a in 0.29s
2024.06.30 22:10:35 INFO  time: indexed workspace in 0.85s
Jun 30, 2024 10:10:46 PM org.eclipse.lsp4j.jsonrpc.RemoteEndpoint handleCancellation
WARNING: Unmatched cancel notification for request id 1316
2024.06.30 22:11:15 INFO  Shut down connection with build server.
2024.06.30 22:11:26 INFO  Running List(C:\Users\USER\AppData\Local\Coursier\data\bin\scala-cli.BAT, bsp, --workspace, C:\Users\USER\AppData\Local\Temp\metals-scala-cli2779836273528928915, --semantic-db-source-root, C:\Users\USER\Downloads\SCS 2204 Functional Pragramming Practicals\Scala-Lab-session-2, C:\Users\USER\Downloads\SCS 2204 Functional Pragramming Practicals\Scala-Lab-session-2\Q2.scala)
2024.06.30 22:11:26 INFO  no build target found for C:\Users\USER\Downloads\SCS 2204 Functional Pragramming Practicals\Scala-Lab-session-2\Q2.scala. Using presentation compiler with project's scala-library version: 3.3.3
2024.06.30 22:11:26 INFO  tracing is disabled for protocol BSP, to enable tracing of incoming and outgoing JSON messages create an empty file at C:\Users\USER\Downloads\SCS 2204 Functional Pragramming Practicals\Scala-Lab-session-2\.metals\bsp.trace.json or C:\Users\USER\AppData\Local\scalameta\metals\cache\bsp.trace.json
2024.06.30 22:11:27 INFO  no build target found for C:\Users\USER\Downloads\SCS 2204 Functional Pragramming Practicals\Scala-Lab-session-2\Q2.scala. Using presentation compiler with project's scala-library version: 3.3.3
2024.06.30 22:11:29 INFO  Connected to Scala CLI server v1.3.2
2024.06.30 22:11:29 INFO  compiling metals-scala-cli2779836273528928915_717a882c49-c19cdf8cf3 (1 scala source)
2024.06.30 22:11:29 INFO  time: compiled metals-scala-cli2779836273528928915_717a882c49-c19cdf8cf3 in 0.39s
Jun 30, 2024 10:11:30 PM org.eclipse.lsp4j.jsonrpc.RemoteEndpoint handleCancellation
WARNING: Unmatched cancel notification for request id 1482
2024.06.30 22:11:30 INFO  time: indexed workspace in 1.17s
2024.06.30 22:11:31 INFO  Scala CLI started for C:\Users\USER\Downloads\SCS 2204 Functional Pragramming Practicals\Scala-Lab-session-2\Q2.scala
Jun 30, 2024 10:12:04 PM org.eclipse.lsp4j.jsonrpc.RemoteEndpoint handleCancellation
WARNING: Unmatched cancel notification for request id 1657
Jun 30, 2024 10:12:11 PM org.eclipse.lsp4j.jsonrpc.RemoteEndpoint handleCancellation
WARNING: Unmatched cancel notification for request id 1698
Jun 30, 2024 10:12:13 PM org.eclipse.lsp4j.jsonrpc.RemoteEndpoint handleCancellation
WARNING: Unmatched cancel notification for request id 1719
2024.06.30 22:12:41 INFO  compiling scala-practical-03_f4dd477a3a (1 scala source)
2024.06.30 22:12:41 INFO  time: compiled Scala-Practical-03_f4dd477a3a in 0.19s
Jun 30, 2024 10:13:04 PM org.eclipse.lsp4j.jsonrpc.RemoteEndpoint handleCancellation
WARNING: Unmatched cancel notification for request id 1865
Jun 30, 2024 10:13:06 PM org.eclipse.lsp4j.jsonrpc.RemoteEndpoint handleCancellation
WARNING: Unmatched cancel notification for request id 1874
Jun 30, 2024 10:13:18 PM org.eclipse.lsp4j.jsonrpc.RemoteEndpoint handleCancellation
WARNING: Unmatched cancel notification for request id 1888
2024.06.30 22:13:57 INFO  compiling scala-practical-03_f4dd477a3a (1 scala source)
2024.06.30 22:13:57 INFO  time: compiled Scala-Practical-03_f4dd477a3a in 0.17s
2024.06.30 22:14:30 INFO  Scala test classes not supported by server
java.util.concurrent.TimeoutException: Future timed out after [3 minutes]
	at scala.concurrent.impl.Promise$DefaultPromise.tryAwait0(Promise.scala:248)
	at scala.concurrent.impl.Promise$DefaultPromise.result(Promise.scala:261)
	at scala.concurrent.Await$.$anonfun$result$1(package.scala:201)
	at scala.concurrent.BlockContext$DefaultBlockContext$.blockOn(BlockContext.scala:62)
	at scala.concurrent.Await$.result(package.scala:124)
	at scala.meta.internal.metals.MetalsEnrichments$XtensionScalaFuture.$anonfun$withTimeout$1(MetalsEnrichments.scala:270)
	at scala.concurrent.Future$.$anonfun$apply$1(Future.scala:687)
	at scala.concurrent.impl.Promise$Transformation.run(Promise.scala:467)
	at java.util.concurrent.ThreadPoolExecutor.runWorker(ThreadPoolExecutor.java:1136)
	at java.util.concurrent.ThreadPoolExecutor$Worker.run(ThreadPoolExecutor.java:635)
	at java.lang.Thread.run(Thread.java:833)

2024.06.30 22:14:30 INFO  Scala main classes not supported by server
java.util.concurrent.TimeoutException: Future timed out after [3 minutes]
	at scala.concurrent.impl.Promise$DefaultPromise.tryAwait0(Promise.scala:248)
	at scala.concurrent.impl.Promise$DefaultPromise.result(Promise.scala:261)
	at scala.concurrent.Await$.$anonfun$result$1(package.scala:201)
	at scala.concurrent.BlockContext$DefaultBlockContext$.blockOn(BlockContext.scala:62)
	at scala.concurrent.Await$.result(package.scala:124)
	at scala.meta.internal.metals.MetalsEnrichments$XtensionScalaFuture.$anonfun$withTimeout$1(MetalsEnrichments.scala:270)
	at scala.concurrent.Future$.$anonfun$apply$1(Future.scala:687)
	at scala.concurrent.impl.Promise$Transformation.run(Promise.scala:467)
	at java.util.concurrent.ThreadPoolExecutor.runWorker(ThreadPoolExecutor.java:1136)
	at java.util.concurrent.ThreadPoolExecutor$Worker.run(ThreadPoolExecutor.java:635)
	at java.lang.Thread.run(Thread.java:833)

2024.06.30 22:16:51 INFO  compiling scala-practical-03_f4dd477a3a (1 scala source)
2024.06.30 22:16:51 INFO  time: compiled Scala-Practical-03_f4dd477a3a in 0.33s
2024.06.30 22:17:52 INFO  compiling scala-practical-03_f4dd477a3a (1 scala source)
2024.06.30 22:17:52 INFO  time: compiled Scala-Practical-03_f4dd477a3a in 0.39s
2024.06.30 22:18:14 INFO  Shut down connection with build server.
Jun 30, 2024 10:18:31 PM org.eclipse.lsp4j.jsonrpc.RemoteEndpoint handleNotification
WARNING: Notification threw an exception: {
  "jsonrpc": "2.0",
  "method": "metals/didFocusTextDocument",
  "params": [
    "untitled:Untitled-2"
  ]
}
java.nio.file.FileSystemNotFoundException: Provider "untitled" not installed
	at java.base/java.nio.file.Path.of(Path.java:212)
	at java.base/java.nio.file.Paths.get(Paths.java:98)
	at scala.meta.internal.mtags.MtagsEnrichments$XtensionURIMtags.toAbsolutePath(MtagsEnrichments.scala:131)
	at scala.meta.internal.mtags.MtagsEnrichments$XtensionStringMtags.toAbsolutePath(MtagsEnrichments.scala:187)
	at scala.meta.internal.metals.MetalsEnrichments$XtensionString.toAbsolutePath(MetalsEnrichments.scala:756)
	at scala.meta.internal.metals.MetalsEnrichments$XtensionString.toAbsolutePath(MetalsEnrichments.scala:753)
	at scala.meta.internal.metals.WorkspaceLspService.didFocus(WorkspaceLspService.scala:695)
	at scala.meta.metals.lsp.DelegatingScalaService.didFocus(DelegatingScalaService.scala:43)
	at jdk.internal.reflect.GeneratedMethodAccessor18.invoke(Unknown Source)
	at java.base/jdk.internal.reflect.DelegatingMethodAccessorImpl.invoke(DelegatingMethodAccessorImpl.java:43)
	at java.base/java.lang.reflect.Method.invoke(Method.java:568)
	at org.eclipse.lsp4j.jsonrpc.services.GenericEndpoint.lambda$recursiveFindRpcMethods$0(GenericEndpoint.java:65)
	at org.eclipse.lsp4j.jsonrpc.services.GenericEndpoint.notify(GenericEndpoint.java:160)
	at org.eclipse.lsp4j.jsonrpc.RemoteEndpoint.handleNotification(RemoteEndpoint.java:231)
	at org.eclipse.lsp4j.jsonrpc.RemoteEndpoint.consume(RemoteEndpoint.java:198)
	at org.eclipse.lsp4j.jsonrpc.json.StreamMessageProducer.handleMessage(StreamMessageProducer.java:185)
	at org.eclipse.lsp4j.jsonrpc.json.StreamMessageProducer.listen(StreamMessageProducer.java:97)
	at org.eclipse.lsp4j.jsonrpc.json.ConcurrentMessageProcessor.run(ConcurrentMessageProcessor.java:114)
	at java.base/java.util.concurrent.Executors$RunnableAdapter.call(Executors.java:539)
	at java.base/java.util.concurrent.FutureTask.run(FutureTask.java:264)
	at java.base/java.util.concurrent.ThreadPoolExecutor.runWorker(ThreadPoolExecutor.java:1136)
	at java.base/java.util.concurrent.ThreadPoolExecutor$Worker.run(ThreadPoolExecutor.java:635)
	at java.base/java.lang.Thread.run(Thread.java:833)

2024.06.30 22:19:47 INFO  Shutting down server
2024.06.30 22:19:47 INFO  shutting down Metals
2024.06.30 22:19:47 INFO  Shut down connection with build server.
2024.06.30 22:19:47 INFO  Exiting server
2024.06.30 22:20:01 INFO  Started: Metals version 1.3.2 in folders 'C:\Users\USER\Downloads\SCS 2204 Functional Pragramming Practicals\Scala-Practical-03' for client Visual Studio Code 1.90.2.
SLF4J(W): Class path contains multiple SLF4J providers.
SLF4J(W): Found provider [scribe.slf4j.ScribeServiceProvider@342a808]
SLF4J(W): Found provider [ch.qos.logback.classic.spi.LogbackServiceProvider@6703f32a]
SLF4J(W): See https://www.slf4j.org/codes.html#multiple_bindings for an explanation.
SLF4J(I): Actual provider is of type [scribe.slf4j.ScribeServiceProvider@342a808]
2024.06.30 22:20:01 WARN  Flyway upgrade recommended: H2 2.2.224 is newer than this version of Flyway and support has not been tested. The latest supported version of H2 is 2.2.220.
2024.06.30 22:20:02 INFO  Attempting to connect to the build server...
2024.06.30 22:20:02 INFO  Running BSP server List(C:\Users\USER\AppData\Local\Coursier\data\bin\.scala-cli.aux.exe, bsp, --json-options, C:\Users\USER\Downloads\SCS 2204 Functional Pragramming Practicals\Scala-Practical-03\.scala-build\ide-options-v2.json, --json-launcher-options, C:\Users\USER\Downloads\SCS 2204 Functional Pragramming Practicals\Scala-Practical-03\.scala-build\ide-launcher-options.json, --envs-file, C:\Users\USER\Downloads\SCS 2204 Functional Pragramming Practicals\Scala-Practical-03\.scala-build\ide-envs.json, C:\Users\USER\Downloads\SCS 2204 Functional Pragramming Practicals\Scala-Practical-03)
2024.06.30 22:20:02 INFO  tracing is disabled for protocol BSP, to enable tracing of incoming and outgoing JSON messages create an empty file at C:\Users\USER\Downloads\SCS 2204 Functional Pragramming Practicals\Scala-Practical-03\.metals\bsp.trace.json or C:\Users\USER\AppData\Local\scalameta\metals\cache\bsp.trace.json
2024.06.30 22:20:05 INFO  time: Connected to build server in 2.87s
2024.06.30 22:20:05 INFO  Connected to Build server: scala-cli v1.3.2
2024.06.30 22:20:07 INFO  time: indexed workspace in 2.3s
2024.06.30 22:20:16 INFO  no build target found for C:\Users\USER\Downloads\SCS 2204 Functional Pragramming Practicals\Scala-Practical-03\Q2_Example.scala. Using presentation compiler with project's scala-library version: 3.3.3
2024.06.30 22:20:16 INFO  no build target found for C:\Users\USER\Downloads\SCS 2204 Functional Pragramming Practicals\Scala-Practical-03\Q2_Example.scala. Using presentation compiler with project's scala-library version: 3.3.3
2024.06.30 22:20:17 INFO  compiling scala-practical-03_f4dd477a3a (1 scala source)
2024.06.30 22:20:17 WARN  no build target for: C:\Users\USER\Downloads\SCS 2204 Functional Pragramming Practicals\Scala-Practical-03\Q2_Example.scala
2024.06.30 22:20:17 INFO  compiling scala-practical-03_f4dd477a3a (1 scala source)
2024.06.30 22:20:17 INFO  time: compiled Scala-Practical-03_f4dd477a3a in 0.19s
2024.06.30 22:20:18 INFO  time: indexed workspace in 0.98s
2024.06.30 22:20:18 INFO  compiling scala-practical-03_f4dd477a3a (1 scala source)
2024.06.30 22:20:18 INFO  time: compiled Scala-Practical-03_f4dd477a3a in 0.22s
Jun 30, 2024 10:20:32 PM org.eclipse.lsp4j.jsonrpc.RemoteEndpoint handleCancellation
WARNING: Unmatched cancel notification for request id 54
2024.06.30 22:20:41 INFO  compiling scala-practical-03_f4dd477a3a (1 scala source)
2024.06.30 22:20:41 INFO  time: compiled Scala-Practical-03_f4dd477a3a in 0.46s
2024.06.30 22:20:49 INFO  compiling scala-practical-03_f4dd477a3a (1 scala source)
2024.06.30 22:20:49 INFO  time: compiled Scala-Practical-03_f4dd477a3a in 0.45s
Jun 30, 2024 10:21:15 PM org.eclipse.lsp4j.jsonrpc.RemoteEndpoint handleCancellation
WARNING: Unmatched cancel notification for request id 175
Jun 30, 2024 10:22:04 PM org.eclipse.lsp4j.jsonrpc.RemoteEndpoint handleCancellation
WARNING: Unmatched cancel notification for request id 601
2024.06.30 22:22:30 INFO  compiling scala-practical-03_f4dd477a3a (1 scala source)
2024.06.30 22:22:30 INFO  time: compiled Scala-Practical-03_f4dd477a3a in 0.15s
2024.06.30 22:22:38 INFO  compiling scala-practical-03_f4dd477a3a (1 scala source)
2024.06.30 22:22:38 INFO  time: compiled Scala-Practical-03_f4dd477a3a in 0.12s
Jun 30, 2024 10:22:50 PM org.eclipse.lsp4j.jsonrpc.RemoteEndpoint handleCancellation
WARNING: Unmatched cancel notification for request id 937
2024.06.30 22:22:58 INFO  compiling scala-practical-03_f4dd477a3a (1 scala source)
2024.06.30 22:22:58 INFO  time: compiled Scala-Practical-03_f4dd477a3a in 0.35s
Jun 30, 2024 10:24:06 PM org.eclipse.lsp4j.jsonrpc.RemoteEndpoint handleNotification
WARNING: Notification threw an exception: {
  "jsonrpc": "2.0",
  "method": "metals/didFocusTextDocument",
  "params": [
    "untitled:Untitled-1"
  ]
}
java.nio.file.FileSystemNotFoundException: Provider "untitled" not installed
	at java.base/java.nio.file.Path.of(Path.java:212)
	at java.base/java.nio.file.Paths.get(Paths.java:98)
	at scala.meta.internal.mtags.MtagsEnrichments$XtensionURIMtags.toAbsolutePath(MtagsEnrichments.scala:131)
	at scala.meta.internal.mtags.MtagsEnrichments$XtensionStringMtags.toAbsolutePath(MtagsEnrichments.scala:187)
	at scala.meta.internal.metals.MetalsEnrichments$XtensionString.toAbsolutePath(MetalsEnrichments.scala:756)
	at scala.meta.internal.metals.MetalsEnrichments$XtensionString.toAbsolutePath(MetalsEnrichments.scala:753)
	at scala.meta.internal.metals.WorkspaceLspService.didFocus(WorkspaceLspService.scala:695)
	at scala.meta.metals.lsp.DelegatingScalaService.didFocus(DelegatingScalaService.scala:43)
	at java.base/jdk.internal.reflect.NativeMethodAccessorImpl.invoke0(Native Method)
	at java.base/jdk.internal.reflect.NativeMethodAccessorImpl.invoke(NativeMethodAccessorImpl.java:77)
	at java.base/jdk.internal.reflect.DelegatingMethodAccessorImpl.invoke(DelegatingMethodAccessorImpl.java:43)
	at java.base/java.lang.reflect.Method.invoke(Method.java:568)
	at org.eclipse.lsp4j.jsonrpc.services.GenericEndpoint.lambda$recursiveFindRpcMethods$0(GenericEndpoint.java:65)
	at org.eclipse.lsp4j.jsonrpc.services.GenericEndpoint.notify(GenericEndpoint.java:160)
	at org.eclipse.lsp4j.jsonrpc.RemoteEndpoint.handleNotification(RemoteEndpoint.java:231)
	at org.eclipse.lsp4j.jsonrpc.RemoteEndpoint.consume(RemoteEndpoint.java:198)
	at org.eclipse.lsp4j.jsonrpc.json.StreamMessageProducer.handleMessage(StreamMessageProducer.java:185)
	at org.eclipse.lsp4j.jsonrpc.json.StreamMessageProducer.listen(StreamMessageProducer.java:97)
	at org.eclipse.lsp4j.jsonrpc.json.ConcurrentMessageProcessor.run(ConcurrentMessageProcessor.java:114)
	at java.base/java.util.concurrent.Executors$RunnableAdapter.call(Executors.java:539)
	at java.base/java.util.concurrent.FutureTask.run(FutureTask.java:264)
	at java.base/java.util.concurrent.ThreadPoolExecutor.runWorker(ThreadPoolExecutor.java:1136)
	at java.base/java.util.concurrent.ThreadPoolExecutor$Worker.run(ThreadPoolExecutor.java:635)
	at java.base/java.lang.Thread.run(Thread.java:833)

Jun 30, 2024 10:24:10 PM org.eclipse.lsp4j.jsonrpc.RemoteEndpoint handleNotification
WARNING: Notification threw an exception: {
  "jsonrpc": "2.0",
  "method": "metals/didFocusTextDocument",
  "params": [
    "untitled:Untitled-1"
  ]
}
java.nio.file.FileSystemNotFoundException: Provider "untitled" not installed
	at java.base/java.nio.file.Path.of(Path.java:212)
	at java.base/java.nio.file.Paths.get(Paths.java:98)
	at scala.meta.internal.mtags.MtagsEnrichments$XtensionURIMtags.toAbsolutePath(MtagsEnrichments.scala:131)
	at scala.meta.internal.mtags.MtagsEnrichments$XtensionStringMtags.toAbsolutePath(MtagsEnrichments.scala:187)
	at scala.meta.internal.metals.MetalsEnrichments$XtensionString.toAbsolutePath(MetalsEnrichments.scala:756)
	at scala.meta.internal.metals.MetalsEnrichments$XtensionString.toAbsolutePath(MetalsEnrichments.scala:753)
	at scala.meta.internal.metals.WorkspaceLspService.didFocus(WorkspaceLspService.scala:695)
	at scala.meta.metals.lsp.DelegatingScalaService.didFocus(DelegatingScalaService.scala:43)
	at java.base/jdk.internal.reflect.NativeMethodAccessorImpl.invoke0(Native Method)
	at java.base/jdk.internal.reflect.NativeMethodAccessorImpl.invoke(NativeMethodAccessorImpl.java:77)
	at java.base/jdk.internal.reflect.DelegatingMethodAccessorImpl.invoke(DelegatingMethodAccessorImpl.java:43)
	at java.base/java.lang.reflect.Method.invoke(Method.java:568)
	at org.eclipse.lsp4j.jsonrpc.services.GenericEndpoint.lambda$recursiveFindRpcMethods$0(GenericEndpoint.java:65)
	at org.eclipse.lsp4j.jsonrpc.services.GenericEndpoint.notify(GenericEndpoint.java:160)
	at org.eclipse.lsp4j.jsonrpc.RemoteEndpoint.handleNotification(RemoteEndpoint.java:231)
	at org.eclipse.lsp4j.jsonrpc.RemoteEndpoint.consume(RemoteEndpoint.java:198)
	at org.eclipse.lsp4j.jsonrpc.json.StreamMessageProducer.handleMessage(StreamMessageProducer.java:185)
	at org.eclipse.lsp4j.jsonrpc.json.StreamMessageProducer.listen(StreamMessageProducer.java:97)
	at org.eclipse.lsp4j.jsonrpc.json.ConcurrentMessageProcessor.run(ConcurrentMessageProcessor.java:114)
	at java.base/java.util.concurrent.Executors$RunnableAdapter.call(Executors.java:539)
	at java.base/java.util.concurrent.FutureTask.run(FutureTask.java:264)
	at java.base/java.util.concurrent.ThreadPoolExecutor.runWorker(ThreadPoolExecutor.java:1136)
	at java.base/java.util.concurrent.ThreadPoolExecutor$Worker.run(ThreadPoolExecutor.java:635)
	at java.base/java.lang.Thread.run(Thread.java:833)

2024.06.30 22:24:29 INFO  compiling scala-practical-03_f4dd477a3a (1 scala source)
2024.06.30 22:24:29 INFO  time: compiled Scala-Practical-03_f4dd477a3a in 0.18s
2024.06.30 22:24:36 INFO  compiling scala-practical-03_f4dd477a3a (1 scala source)
2024.06.30 22:24:36 INFO  time: compiled Scala-Practical-03_f4dd477a3a in 0.11s
Jun 30, 2024 10:25:38 PM org.eclipse.lsp4j.jsonrpc.RemoteEndpoint handleNotification
WARNING: Notification threw an exception: {
  "jsonrpc": "2.0",
  "method": "metals/didFocusTextDocument",
  "params": [
    "untitled:Untitled-1"
  ]
}
java.nio.file.FileSystemNotFoundException: Provider "untitled" not installed
	at java.base/java.nio.file.Path.of(Path.java:212)
	at java.base/java.nio.file.Paths.get(Paths.java:98)
	at scala.meta.internal.mtags.MtagsEnrichments$XtensionURIMtags.toAbsolutePath(MtagsEnrichments.scala:131)
	at scala.meta.internal.mtags.MtagsEnrichments$XtensionStringMtags.toAbsolutePath(MtagsEnrichments.scala:187)
	at scala.meta.internal.metals.MetalsEnrichments$XtensionString.toAbsolutePath(MetalsEnrichments.scala:756)
	at scala.meta.internal.metals.MetalsEnrichments$XtensionString.toAbsolutePath(MetalsEnrichments.scala:753)
	at scala.meta.internal.metals.WorkspaceLspService.didFocus(WorkspaceLspService.scala:695)
	at scala.meta.metals.lsp.DelegatingScalaService.didFocus(DelegatingScalaService.scala:43)
	at java.base/jdk.internal.reflect.NativeMethodAccessorImpl.invoke0(Native Method)
	at java.base/jdk.internal.reflect.NativeMethodAccessorImpl.invoke(NativeMethodAccessorImpl.java:77)
	at java.base/jdk.internal.reflect.DelegatingMethodAccessorImpl.invoke(DelegatingMethodAccessorImpl.java:43)
	at java.base/java.lang.reflect.Method.invoke(Method.java:568)
	at org.eclipse.lsp4j.jsonrpc.services.GenericEndpoint.lambda$recursiveFindRpcMethods$0(GenericEndpoint.java:65)
	at org.eclipse.lsp4j.jsonrpc.services.GenericEndpoint.notify(GenericEndpoint.java:160)
	at org.eclipse.lsp4j.jsonrpc.RemoteEndpoint.handleNotification(RemoteEndpoint.java:231)
	at org.eclipse.lsp4j.jsonrpc.RemoteEndpoint.consume(RemoteEndpoint.java:198)
	at org.eclipse.lsp4j.jsonrpc.json.StreamMessageProducer.handleMessage(StreamMessageProducer.java:185)
	at org.eclipse.lsp4j.jsonrpc.json.StreamMessageProducer.listen(StreamMessageProducer.java:97)
	at org.eclipse.lsp4j.jsonrpc.json.ConcurrentMessageProcessor.run(ConcurrentMessageProcessor.java:114)
	at java.base/java.util.concurrent.Executors$RunnableAdapter.call(Executors.java:539)
	at java.base/java.util.concurrent.FutureTask.run(FutureTask.java:264)
	at java.base/java.util.concurrent.ThreadPoolExecutor.runWorker(ThreadPoolExecutor.java:1136)
	at java.base/java.util.concurrent.ThreadPoolExecutor$Worker.run(ThreadPoolExecutor.java:635)
	at java.base/java.lang.Thread.run(Thread.java:833)

2024.06.30 22:29:01 INFO  no build target found for C:\Users\USER\Downloads\SCS 2204 Functional Pragramming Practicals\Scala-Practical-03\Q3_Example.scala. Using presentation compiler with project's scala-library version: 3.3.3
2024.06.30 22:29:01 INFO  no build target found for C:\Users\USER\Downloads\SCS 2204 Functional Pragramming Practicals\Scala-Practical-03\Q3_Example.scala. Using presentation compiler with project's scala-library version: 3.3.3
2024.06.30 22:29:01 WARN  no build target for: C:\Users\USER\Downloads\SCS 2204 Functional Pragramming Practicals\Scala-Practical-03\Q3_Example.scala
2024.06.30 22:29:02 INFO  no build target found for C:\Users\USER\Downloads\SCS 2204 Functional Pragramming Practicals\Scala-Practical-03\Q3_Example.scala. Using presentation compiler with project's scala-library version: 3.3.3
2024.06.30 22:29:02 INFO  compiling scala-practical-03_f4dd477a3a (1 scala source)
2024.06.30 22:29:02 INFO  time: compiled Scala-Practical-03_f4dd477a3a in 0.23s
2024.06.30 22:29:02 INFO  compiling scala-practical-03_f4dd477a3a (1 scala source)
2024.06.30 22:29:02 INFO  no build target found for C:\Users\USER\Downloads\SCS 2204 Functional Pragramming Practicals\Scala-Practical-03\Q3_Example.scala. Using presentation compiler with project's scala-library version: 3.3.3
2024.06.30 22:29:04 INFO  time: code lens generation in 2.35s
2024.06.30 22:29:04 INFO  time: indexed workspace in 2.26s
2024.06.30 22:29:04 INFO  compiling scala-practical-03_f4dd477a3a (1 scala source)
2024.06.30 22:29:04 INFO  time: compiled Scala-Practical-03_f4dd477a3a in 0.15s
2024.06.30 22:29:06 INFO  compiling scala-practical-03_f4dd477a3a (1 scala source)
2024.06.30 22:29:06 INFO  time: compiled Scala-Practical-03_f4dd477a3a in 0.35s
Jun 30, 2024 10:31:18 PM org.eclipse.lsp4j.jsonrpc.RemoteEndpoint handleNotification
WARNING: Notification threw an exception: {
  "jsonrpc": "2.0",
  "method": "metals/didFocusTextDocument",
  "params": [
    "untitled:Untitled-1"
  ]
}
java.nio.file.FileSystemNotFoundException: Provider "untitled" not installed
	at java.base/java.nio.file.Path.of(Path.java:212)
	at java.base/java.nio.file.Paths.get(Paths.java:98)
	at scala.meta.internal.mtags.MtagsEnrichments$XtensionURIMtags.toAbsolutePath(MtagsEnrichments.scala:131)
	at scala.meta.internal.mtags.MtagsEnrichments$XtensionStringMtags.toAbsolutePath(MtagsEnrichments.scala:187)
	at scala.meta.internal.metals.MetalsEnrichments$XtensionString.toAbsolutePath(MetalsEnrichments.scala:756)
	at scala.meta.internal.metals.MetalsEnrichments$XtensionString.toAbsolutePath(MetalsEnrichments.scala:753)
	at scala.meta.internal.metals.WorkspaceLspService.didFocus(WorkspaceLspService.scala:695)
	at scala.meta.metals.lsp.DelegatingScalaService.didFocus(DelegatingScalaService.scala:43)
	at java.base/jdk.internal.reflect.NativeMethodAccessorImpl.invoke0(Native Method)
	at java.base/jdk.internal.reflect.NativeMethodAccessorImpl.invoke(NativeMethodAccessorImpl.java:77)
	at java.base/jdk.internal.reflect.DelegatingMethodAccessorImpl.invoke(DelegatingMethodAccessorImpl.java:43)
	at java.base/java.lang.reflect.Method.invoke(Method.java:568)
	at org.eclipse.lsp4j.jsonrpc.services.GenericEndpoint.lambda$recursiveFindRpcMethods$0(GenericEndpoint.java:65)
	at org.eclipse.lsp4j.jsonrpc.services.GenericEndpoint.notify(GenericEndpoint.java:160)
	at org.eclipse.lsp4j.jsonrpc.RemoteEndpoint.handleNotification(RemoteEndpoint.java:231)
	at org.eclipse.lsp4j.jsonrpc.RemoteEndpoint.consume(RemoteEndpoint.java:198)
	at org.eclipse.lsp4j.jsonrpc.json.StreamMessageProducer.handleMessage(StreamMessageProducer.java:185)
	at org.eclipse.lsp4j.jsonrpc.json.StreamMessageProducer.listen(StreamMessageProducer.java:97)
	at org.eclipse.lsp4j.jsonrpc.json.ConcurrentMessageProcessor.run(ConcurrentMessageProcessor.java:114)
	at java.base/java.util.concurrent.Executors$RunnableAdapter.call(Executors.java:539)
	at java.base/java.util.concurrent.FutureTask.run(FutureTask.java:264)
	at java.base/java.util.concurrent.ThreadPoolExecutor.runWorker(ThreadPoolExecutor.java:1136)
	at java.base/java.util.concurrent.ThreadPoolExecutor$Worker.run(ThreadPoolExecutor.java:635)
	at java.base/java.lang.Thread.run(Thread.java:833)

2024.06.30 22:41:53 INFO  no build target found for C:\Users\USER\Downloads\SCS 2204 Functional Pragramming Practicals\Scala-Practical-03\Q4_Example.scala. Using presentation compiler with project's scala-library version: 3.3.3
2024.06.30 22:41:53 INFO  no build target found for C:\Users\USER\Downloads\SCS 2204 Functional Pragramming Practicals\Scala-Practical-03\Q4_Example.scala. Using presentation compiler with project's scala-library version: 3.3.3
2024.06.30 22:41:53 INFO  no build target found for C:\Users\USER\Downloads\SCS 2204 Functional Pragramming Practicals\Scala-Practical-03\Q4_Example.scala. Using presentation compiler with project's scala-library version: 3.3.3
2024.06.30 22:41:53 WARN  no build target for: C:\Users\USER\Downloads\SCS 2204 Functional Pragramming Practicals\Scala-Practical-03\Q4_Example.scala
2024.06.30 22:41:53 INFO  no build target found for C:\Users\USER\Downloads\SCS 2204 Functional Pragramming Practicals\Scala-Practical-03\Q4_Example.scala. Using presentation compiler with project's scala-library version: 3.3.3
2024.06.30 22:41:53 INFO  compiling scala-practical-03_f4dd477a3a (1 scala source)
2024.06.30 22:41:53 INFO  time: compiled Scala-Practical-03_f4dd477a3a in 0.2s
2024.06.30 22:41:53 INFO  compiling scala-practical-03_f4dd477a3a (1 scala source)
2024.06.30 22:41:53 INFO  time: compiled Scala-Practical-03_f4dd477a3a in 0.16s
2024.06.30 22:41:54 INFO  time: indexed workspace in 0.89s
2024.06.30 22:41:54 INFO  compiling scala-practical-03_f4dd477a3a (1 scala source)
2024.06.30 22:41:54 INFO  time: compiled Scala-Practical-03_f4dd477a3a in 0.2s
2024.06.30 22:41:59 INFO  compiling scala-practical-03_f4dd477a3a (1 scala source)
2024.06.30 22:41:59 INFO  time: compiled Scala-Practical-03_f4dd477a3a in 0.15s
Jun 30, 2024 10:42:10 PM org.eclipse.lsp4j.jsonrpc.RemoteEndpoint handleCancellation
WARNING: Unmatched cancel notification for request id 1275
2024.06.30 22:42:15 INFO  compiling scala-practical-03_f4dd477a3a (1 scala source)
2024.06.30 22:42:15 INFO  time: compiled Scala-Practical-03_f4dd477a3a in 0.13s
2024.06.30 22:42:28 INFO  compiling scala-practical-03_f4dd477a3a (1 scala source)
2024.06.30 22:42:28 INFO  time: compiled Scala-Practical-03_f4dd477a3a in 0.33s
2024.06.30 22:45:01 INFO  compiling scala-practical-03_f4dd477a3a (1 scala source)
2024.06.30 22:45:01 INFO  time: compiled Scala-Practical-03_f4dd477a3a in 0.37s
Jun 30, 2024 10:45:06 PM org.eclipse.lsp4j.jsonrpc.RemoteEndpoint handleCancellation
WARNING: Unmatched cancel notification for request id 1448
2024.06.30 22:45:18 INFO  Shutting down server
2024.06.30 22:45:18 INFO  shutting down Metals
2024.06.30 22:45:18 INFO  Shut down connection with build server.
2024.06.30 22:45:18 INFO  BSP server: Jun 30, 2024 10:45:18 PM org.eclipse.lsp4j.jsonrpc.RemoteEndpoint handleNotification
2024.06.30 22:45:18 INFO  Exiting server
2024.07.01 21:19:19 INFO  Started: Metals version 1.3.2 in folders 'C:\Users\USER\Downloads\SCS 2204 Functional Pragramming Practicals\Scala-Practical-03' for client Visual Studio Code 1.90.2.
SLF4J(W): Class path contains multiple SLF4J providers.
SLF4J(W): Found provider [scribe.slf4j.ScribeServiceProvider@6d787775]
SLF4J(W): Found provider [ch.qos.logback.classic.spi.LogbackServiceProvider@184c4900]
SLF4J(W): See https://www.slf4j.org/codes.html#multiple_bindings for an explanation.
SLF4J(I): Actual provider is of type [scribe.slf4j.ScribeServiceProvider@6d787775]
2024.07.01 21:19:19 WARN  Flyway upgrade recommended: H2 2.2.224 is newer than this version of Flyway and support has not been tested. The latest supported version of H2 is 2.2.220.
2024.07.01 21:19:20 INFO  no build target found for C:\Users\USER\Downloads\SCS 2204 Functional Pragramming Practicals\Scala-Practical-03\Q1_Examples.scala. Using presentation compiler with project's scala-library version: 3.3.3
2024.07.01 21:19:21 INFO  Attempting to connect to the build server...
2024.07.01 21:19:21 INFO  Running BSP server List(C:\Users\USER\AppData\Local\Coursier\data\bin\.scala-cli.aux.exe, bsp, --json-options, C:\Users\USER\Downloads\SCS 2204 Functional Pragramming Practicals\Scala-Practical-03\.scala-build\ide-options-v2.json, --json-launcher-options, C:\Users\USER\Downloads\SCS 2204 Functional Pragramming Practicals\Scala-Practical-03\.scala-build\ide-launcher-options.json, --envs-file, C:\Users\USER\Downloads\SCS 2204 Functional Pragramming Practicals\Scala-Practical-03\.scala-build\ide-envs.json, C:\Users\USER\Downloads\SCS 2204 Functional Pragramming Practicals\Scala-Practical-03)
2024.07.01 21:19:21 INFO  tracing is disabled for protocol BSP, to enable tracing of incoming and outgoing JSON messages create an empty file at C:\Users\USER\Downloads\SCS 2204 Functional Pragramming Practicals\Scala-Practical-03\.metals\bsp.trace.json or C:\Users\USER\AppData\Local\scalameta\metals\cache\bsp.trace.json
2024.07.01 21:19:25 INFO  BSP server: Starting compilation server
2024.07.01 21:19:35 INFO  time: Connected to build server in 14s
2024.07.01 21:19:35 INFO  Connected to Build server: scala-cli v1.3.2
2024.07.01 21:19:35 INFO  time: Imported build in 0.13s
2024.07.01 21:19:38 INFO  time: indexed workspace in 2.62s
Jul 01, 2024 9:20:53 PM org.eclipse.lsp4j.jsonrpc.RemoteEndpoint handleCancellation
WARNING: Unmatched cancel notification for request id 62
2024.07.01 21:34:36 INFO  compiling scala-practical-03_f4dd477a3a (1 scala source)
2024.07.01 21:34:40 INFO  time: compiled Scala-Practical-03_f4dd477a3a in 3.74s
2024.07.01 21:34:42 INFO  compiling scala-practical-03_f4dd477a3a (1 scala source)
2024.07.01 21:34:42 INFO  time: compiled Scala-Practical-03_f4dd477a3a in 0.74s
Jul 01, 2024 9:34:43 PM org.eclipse.lsp4j.jsonrpc.RemoteEndpoint handleCancellation
WARNING: Unmatched cancel notification for request id 180
2024.07.01 21:35:03 INFO  compiling scala-practical-03_f4dd477a3a (1 scala source)
2024.07.01 21:35:03 INFO  time: compiled Scala-Practical-03_f4dd477a3a in 0.47s
2024.07.01 21:35:09 INFO  compiling scala-practical-03_f4dd477a3a (1 scala source)
2024.07.01 21:35:09 INFO  time: compiled Scala-Practical-03_f4dd477a3a in 0.41s
2024.07.01 21:38:03 INFO  Shutting down server
2024.07.01 21:38:03 INFO  shutting down Metals
2024.07.01 21:38:03 INFO  Shut down connection with build server.
2024.07.01 21:38:03 INFO  Exiting server
2024.07.02 08:22:41 INFO  Started: Metals version 1.3.2 in folders 'C:\Users\USER\Downloads\SCS 2204 Functional Pragramming Practicals\Scala-Practical-03' for client Visual Studio Code 1.90.2.
SLF4J(W): Class path contains multiple SLF4J providers.
SLF4J(W): Found provider [scribe.slf4j.ScribeServiceProvider@7c2004fb]
SLF4J(W): Found provider [ch.qos.logback.classic.spi.LogbackServiceProvider@235682b4]
SLF4J(W): See https://www.slf4j.org/codes.html#multiple_bindings for an explanation.
SLF4J(I): Actual provider is of type [scribe.slf4j.ScribeServiceProvider@7c2004fb]
2024.07.02 08:22:41 WARN  Flyway upgrade recommended: H2 2.2.224 is newer than this version of Flyway and support has not been tested. The latest supported version of H2 is 2.2.220.
2024.07.02 08:22:43 INFO  no build target found for C:\Users\USER\Downloads\SCS 2204 Functional Pragramming Practicals\Scala-Practical-03\Q1_Examples.scala. Using presentation compiler with project's scala-library version: 3.3.3
2024.07.02 08:22:44 INFO  Attempting to connect to the build server...
2024.07.02 08:22:44 INFO  Running BSP server List(C:\Users\USER\AppData\Local\Coursier\data\bin\.scala-cli.aux.exe, bsp, --json-options, C:\Users\USER\Downloads\SCS 2204 Functional Pragramming Practicals\Scala-Practical-03\.scala-build\ide-options-v2.json, --json-launcher-options, C:\Users\USER\Downloads\SCS 2204 Functional Pragramming Practicals\Scala-Practical-03\.scala-build\ide-launcher-options.json, --envs-file, C:\Users\USER\Downloads\SCS 2204 Functional Pragramming Practicals\Scala-Practical-03\.scala-build\ide-envs.json, C:\Users\USER\Downloads\SCS 2204 Functional Pragramming Practicals\Scala-Practical-03)
2024.07.02 08:22:44 INFO  tracing is disabled for protocol BSP, to enable tracing of incoming and outgoing JSON messages create an empty file at C:\Users\USER\Downloads\SCS 2204 Functional Pragramming Practicals\Scala-Practical-03\.metals\bsp.trace.json or C:\Users\USER\AppData\Local\scalameta\metals\cache\bsp.trace.json
2024.07.02 08:22:46 INFO  BSP server: Starting compilation server
2024.07.02 08:23:21 INFO  BSP server: Error: bloop.rifle.FailedToStartServerExitCodeException: Server failed with exit code 1
2024.07.02 08:23:21 INFO  BSP server: For more details, please see 'C:\Users\USER\Downloads\SCS 2204 Functional Pragramming Practicals\Scala-Practical-03\.scala-build\stacktraces\1719888801-7178555466048159553.log'
2024.07.02 08:23:21 INFO  BSP server: Running
2024.07.02 08:23:21 INFO  BSP server:   C:\Users\USER\AppData\Local\Coursier\data\bin\.scala-cli.aux.exe --power bloop output
2024.07.02 08:23:21 INFO  BSP server: might give more details.
2024.07.02 08:23:23 INFO  no build target found for C:\Users\USER\Downloads\SCS 2204 Functional Pragramming Practicals\Scala-Practical-03\Q4_Example.scala. Using presentation compiler with project's scala-library version: 3.3.3
2024.07.02 08:23:25 INFO  no build target found for C:\Users\USER\Downloads\SCS 2204 Functional Pragramming Practicals\Scala-Practical-03\Q4_Example.scala. Using presentation compiler with project's scala-library version: 3.3.3
2024.07.02 08:23:40 INFO  no build target found for C:\Users\USER\Downloads\SCS 2204 Functional Pragramming Practicals\Scala-Practical-03\Q4_Example.scala. Using presentation compiler with project's scala-library version: 3.3.3
2024.07.02 08:23:44 ERROR Timeout waiting for 'build/initialize' response
2024.07.02 08:23:44 WARN  Retrying connection to the build server scala-cli
2024.07.02 08:23:44 INFO  Running BSP server List(C:\Users\USER\AppData\Local\Coursier\data\bin\.scala-cli.aux.exe, bsp, --json-options, C:\Users\USER\Downloads\SCS 2204 Functional Pragramming Practicals\Scala-Practical-03\.scala-build\ide-options-v2.json, --json-launcher-options, C:\Users\USER\Downloads\SCS 2204 Functional Pragramming Practicals\Scala-Practical-03\.scala-build\ide-launcher-options.json, --envs-file, C:\Users\USER\Downloads\SCS 2204 Functional Pragramming Practicals\Scala-Practical-03\.scala-build\ide-envs.json, C:\Users\USER\Downloads\SCS 2204 Functional Pragramming Practicals\Scala-Practical-03)
2024.07.02 08:23:44 INFO  tracing is disabled for protocol BSP, to enable tracing of incoming and outgoing JSON messages create an empty file at C:\Users\USER\Downloads\SCS 2204 Functional Pragramming Practicals\Scala-Practical-03\.metals\bsp.trace.json or C:\Users\USER\AppData\Local\scalameta\metals\cache\bsp.trace.json
2024.07.02 08:23:45 INFO  BSP server: Starting compilation server
2024.07.02 08:24:20 INFO  BSP server: Error: bloop.rifle.FailedToStartServerExitCodeException: Server failed with exit code 1
2024.07.02 08:24:20 INFO  BSP server: For more details, please see 'C:\Users\USER\Downloads\SCS 2204 Functional Pragramming Practicals\Scala-Practical-03\.scala-build\stacktraces\1719888860-6579624284571140106.log'
2024.07.02 08:24:20 INFO  BSP server: Running
2024.07.02 08:24:20 INFO  BSP server:   C:\Users\USER\AppData\Local\Coursier\data\bin\.scala-cli.aux.exe --power bloop output
2024.07.02 08:24:20 INFO  BSP server: might give more details.
2024.07.02 08:24:24 INFO  no build target found for C:\Users\USER\Downloads\SCS 2204 Functional Pragramming Practicals\Scala-Practical-03\Q4_Example.scala. Using presentation compiler with project's scala-library version: 3.3.3
2024.07.02 08:24:24 INFO  no build target found for C:\Users\USER\Downloads\SCS 2204 Functional Pragramming Practicals\Scala-Practical-03\Q2_Example.scala. Using presentation compiler with project's scala-library version: 3.3.3
2024.07.02 08:24:44 ERROR Timeout waiting for 'build/initialize' response
2024.07.02 08:24:44 WARN  Retrying connection to the build server scala-cli
2024.07.02 08:24:44 INFO  Running BSP server List(C:\Users\USER\AppData\Local\Coursier\data\bin\.scala-cli.aux.exe, bsp, --json-options, C:\Users\USER\Downloads\SCS 2204 Functional Pragramming Practicals\Scala-Practical-03\.scala-build\ide-options-v2.json, --json-launcher-options, C:\Users\USER\Downloads\SCS 2204 Functional Pragramming Practicals\Scala-Practical-03\.scala-build\ide-launcher-options.json, --envs-file, C:\Users\USER\Downloads\SCS 2204 Functional Pragramming Practicals\Scala-Practical-03\.scala-build\ide-envs.json, C:\Users\USER\Downloads\SCS 2204 Functional Pragramming Practicals\Scala-Practical-03)
2024.07.02 08:24:44 INFO  tracing is disabled for protocol BSP, to enable tracing of incoming and outgoing JSON messages create an empty file at C:\Users\USER\Downloads\SCS 2204 Functional Pragramming Practicals\Scala-Practical-03\.metals\bsp.trace.json or C:\Users\USER\AppData\Local\scalameta\metals\cache\bsp.trace.json
2024.07.02 08:24:45 INFO  BSP server: Starting compilation server
2024.07.02 08:25:04 INFO  Shutting down server
2024.07.02 08:25:04 INFO  shutting down Metals
2024.07.02 08:25:04 INFO  Exiting server
